2025-08-06 12:19:09 error: ❌ MongoDB connection failed: querySrv ECONNREFUSED _mongodb._tcp.cluster0.sa8ronn.mongodb.net
2025-08-09 21:39:49 error: ReferenceError: next is not defined
    at C:\Users\dell\OneDrive\Desktop\Eduspark\Eduspark-Backend\routes\client\admin\user-registrations\adminSignup.js:73:5
    at process.processTicksAndRejections (node:internal/process/task_queues:105:5)
2025-08-09 21:39:56 error: ReferenceError: next is not defined
    at C:\Users\dell\OneDrive\Desktop\Eduspark\Eduspark-Backend\routes\client\admin\user-registrations\adminSignup.js:73:5
    at process.processTicksAndRejections (node:internal/process/task_queues:105:5)
2025-08-09 21:47:35 error: ValidationError: SchoolAdmin validation failed: password: Path `password` is invalid ($2b$10$sYiQwIBzDItDmgQ1GxielekhtW4eSYdsGWdd8MJ.xnMQU9kvNjR.O).
    at Document.invalidate (C:\Users\dell\OneDrive\Desktop\Eduspark\Eduspark-Backend\node_modules\mongoose\lib\document.js:3343:32)
    at C:\Users\dell\OneDrive\Desktop\Eduspark\Eduspark-Backend\node_modules\mongoose\lib\document.js:3104:17
    at C:\Users\dell\OneDrive\Desktop\Eduspark\Eduspark-Backend\node_modules\mongoose\lib\schemaType.js:1407:9
    at process.processTicksAndRejections (node:internal/process/task_queues:85:11)
2025-08-09 21:48:22 error: ReferenceError: next is not defined
    at C:\Users\dell\OneDrive\Desktop\Eduspark\Eduspark-Backend\routes\client\admin\user-registrations\adminSignup.js:73:5
    at process.processTicksAndRejections (node:internal/process/task_queues:105:5)
2025-08-09 21:48:40 error: ValidationError: SchoolAdmin validation failed: password: Path `password` is invalid ($2b$10$HajC8awe2kjC8iyyRLZ4Au0.W0Oga0lBswLjJxJyM7XV/XlMqkbF2).
    at Document.invalidate (C:\Users\dell\OneDrive\Desktop\Eduspark\Eduspark-Backend\node_modules\mongoose\lib\document.js:3343:32)
    at C:\Users\dell\OneDrive\Desktop\Eduspark\Eduspark-Backend\node_modules\mongoose\lib\document.js:3104:17
    at C:\Users\dell\OneDrive\Desktop\Eduspark\Eduspark-Backend\node_modules\mongoose\lib\schemaType.js:1407:9
    at process.processTicksAndRejections (node:internal/process/task_queues:85:11)
2025-08-09 21:49:46 error: ValidationError: SchoolAdmin validation failed: password: Path `password` is invalid ($2b$10$ADvT/g6PBBmG8GTNvaTJtO93P6NbhO8k2ZnPtIBgNN74Qj32jAzBO).
    at Document.invalidate (C:\Users\dell\OneDrive\Desktop\Eduspark\Eduspark-Backend\node_modules\mongoose\lib\document.js:3343:32)
    at C:\Users\dell\OneDrive\Desktop\Eduspark\Eduspark-Backend\node_modules\mongoose\lib\document.js:3104:17
    at C:\Users\dell\OneDrive\Desktop\Eduspark\Eduspark-Backend\node_modules\mongoose\lib\schemaType.js:1407:9
    at process.processTicksAndRejections (node:internal/process/task_queues:85:11)
2025-08-09 21:50:21 error: ValidationError: SchoolAdmin validation failed: password: Path `password` is invalid ($2b$10$Qt4LkvQhwIsxIZ/18Lr6Se54dn0h52Qei.YeWMMuiVX6YOxot64Wi).
    at Document.invalidate (C:\Users\dell\OneDrive\Desktop\Eduspark\Eduspark-Backend\node_modules\mongoose\lib\document.js:3343:32)
    at C:\Users\dell\OneDrive\Desktop\Eduspark\Eduspark-Backend\node_modules\mongoose\lib\document.js:3104:17
    at C:\Users\dell\OneDrive\Desktop\Eduspark\Eduspark-Backend\node_modules\mongoose\lib\schemaType.js:1407:9
    at process.processTicksAndRejections (node:internal/process/task_queues:85:11)
2025-08-09 21:52:22 error: MessageRejected: Email address is not verified. The following identities failed the check in region AP-SOUTH-1: amarjeevms@gmail.com
    at Request.extractError (C:\Users\dell\OneDrive\Desktop\Eduspark\Eduspark-Backend\node_modules\aws-sdk\lib\protocol\query.js:50:29)
    at Request.callListeners (C:\Users\dell\OneDrive\Desktop\Eduspark\Eduspark-Backend\node_modules\aws-sdk\lib\sequential_executor.js:106:20)
    at Request.emit (C:\Users\dell\OneDrive\Desktop\Eduspark\Eduspark-Backend\node_modules\aws-sdk\lib\sequential_executor.js:78:10)
    at Request.emit (C:\Users\dell\OneDrive\Desktop\Eduspark\Eduspark-Backend\node_modules\aws-sdk\lib\request.js:686:14)
    at Request.transition (C:\Users\dell\OneDrive\Desktop\Eduspark\Eduspark-Backend\node_modules\aws-sdk\lib\request.js:22:10)
    at AcceptorStateMachine.runTo (C:\Users\dell\OneDrive\Desktop\Eduspark\Eduspark-Backend\node_modules\aws-sdk\lib\state_machine.js:14:12)
    at C:\Users\dell\OneDrive\Desktop\Eduspark\Eduspark-Backend\node_modules\aws-sdk\lib\state_machine.js:26:10
    at Request.<anonymous> (C:\Users\dell\OneDrive\Desktop\Eduspark\Eduspark-Backend\node_modules\aws-sdk\lib\request.js:38:9)
    at Request.<anonymous> (C:\Users\dell\OneDrive\Desktop\Eduspark\Eduspark-Backend\node_modules\aws-sdk\lib\request.js:688:12)
    at Request.callListeners (C:\Users\dell\OneDrive\Desktop\Eduspark\Eduspark-Backend\node_modules\aws-sdk\lib\sequential_executor.js:116:18)
2025-08-17 14:35:59 error: ReferenceError: next is not defined
    at C:\Users\dell\OneDrive\Desktop\Eduspark\Eduspark-Backend\routes\client\common_auth\login.js:80:5
    at process.processTicksAndRejections (node:internal/process/task_queues:105:5)
2025-08-17 14:40:46 error: Error: Bad Request
    at Request.callback (C:\Users\dell\OneDrive\Desktop\Eduspark\Eduspark-Backend\node_modules\superagent\lib\node\index.js:688:13)
    at C:\Users\dell\OneDrive\Desktop\Eduspark\Eduspark-Backend\node_modules\superagent\lib\node\index.js:891:18
    at IncomingMessage.<anonymous> (C:\Users\dell\OneDrive\Desktop\Eduspark\Eduspark-Backend\node_modules\superagent\lib\node\parsers\json.js:17:7)
    at IncomingMessage.emit (node:events:519:35)
    at endReadableNT (node:internal/streams/readable:1696:12)
    at process.processTicksAndRejections (node:internal/process/task_queues:90:21)
2025-08-17 14:42:46 error: Error: Bad Request
    at Request.callback (C:\Users\dell\OneDrive\Desktop\Eduspark\Eduspark-Backend\node_modules\superagent\lib\node\index.js:688:13)
    at C:\Users\dell\OneDrive\Desktop\Eduspark\Eduspark-Backend\node_modules\superagent\lib\node\index.js:891:18
    at IncomingMessage.<anonymous> (C:\Users\dell\OneDrive\Desktop\Eduspark\Eduspark-Backend\node_modules\superagent\lib\node\parsers\json.js:17:7)
    at IncomingMessage.emit (node:events:519:35)
    at endReadableNT (node:internal/streams/readable:1696:12)
    at process.processTicksAndRejections (node:internal/process/task_queues:90:21)
2025-08-17 15:56:19 error: Error: Bad Request
    at Request.callback (C:\Users\dell\OneDrive\Desktop\Eduspark\Eduspark-Backend\node_modules\superagent\lib\node\index.js:688:13)
    at C:\Users\dell\OneDrive\Desktop\Eduspark\Eduspark-Backend\node_modules\superagent\lib\node\index.js:891:18
    at IncomingMessage.<anonymous> (C:\Users\dell\OneDrive\Desktop\Eduspark\Eduspark-Backend\node_modules\superagent\lib\node\parsers\json.js:17:7)
    at IncomingMessage.emit (node:events:519:35)
    at endReadableNT (node:internal/streams/readable:1696:12)
    at process.processTicksAndRejections (node:internal/process/task_queues:90:21)
2025-08-17 15:59:13 error: Error: Failed to send email
    at sendEmail (C:\Users\dell\OneDrive\Desktop\Eduspark\Eduspark-Backend\utils\email_Service\sendEmail.js:41:11)
    at process.processTicksAndRejections (node:internal/process/task_queues:105:5)
    at async C:\Users\dell\OneDrive\Desktop\Eduspark\Eduspark-Backend\routes\client\common_auth\login.js:73:5
2025-08-17 16:05:31 error: Error: Failed to send email
    at sendEmail (C:\Users\dell\OneDrive\Desktop\Eduspark\Eduspark-Backend\utils\email_Service\sendEmail.js:27:11)
    at process.processTicksAndRejections (node:internal/process/task_queues:105:5)
    at async C:\Users\dell\OneDrive\Desktop\Eduspark\Eduspark-Backend\routes\client\common_auth\login.js:73:5
2025-08-17 16:08:53 error: Error: Failed to send email
    at sendEmail (C:\Users\dell\OneDrive\Desktop\Eduspark\Eduspark-Backend\utils\email_Service\sendEmail.js:27:11)
    at process.processTicksAndRejections (node:internal/process/task_queues:105:5)
    at async C:\Users\dell\OneDrive\Desktop\Eduspark\Eduspark-Backend\routes\client\common_auth\login.js:73:5
2025-08-17 16:15:46 error: TypeError: sendEmail is not a function
    at C:\Users\dell\OneDrive\Desktop\Eduspark\Eduspark-Backend\routes\client\common_auth\login.js:73:11
    at process.processTicksAndRejections (node:internal/process/task_queues:105:5)
2025-08-17 16:18:11 error: TypeError: sendEmail is not a function
    at C:\Users\dell\OneDrive\Desktop\Eduspark\Eduspark-Backend\routes\client\common_auth\login.js:73:11
    at process.processTicksAndRejections (node:internal/process/task_queues:105:5)
2025-08-17 16:21:10 error: MongoServerSelectionError: getaddrinfo ENOTFOUND ac-jnunqp0-shard-00-01.sa8ronn.mongodb.net
    at Topology.selectServer (C:\Users\dell\OneDrive\Desktop\Eduspark\Eduspark-Backend\node_modules\mongodb\lib\sdam\topology.js:321:38)
    at async tryOperation (C:\Users\dell\OneDrive\Desktop\Eduspark\Eduspark-Backend\node_modules\mongodb\lib\operations\execute_operation.js:192:22)
    at async executeOperation (C:\Users\dell\OneDrive\Desktop\Eduspark\Eduspark-Backend\node_modules\mongodb\lib\operations\execute_operation.js:75:16)
    at async FindCursor._initialize (C:\Users\dell\OneDrive\Desktop\Eduspark\Eduspark-Backend\node_modules\mongodb\lib\cursor\find_cursor.js:61:26)
    at async FindCursor.cursorInit (C:\Users\dell\OneDrive\Desktop\Eduspark\Eduspark-Backend\node_modules\mongodb\lib\cursor\abstract_cursor.js:633:27)
    at async FindCursor.fetchBatch (C:\Users\dell\OneDrive\Desktop\Eduspark\Eduspark-Backend\node_modules\mongodb\lib\cursor\abstract_cursor.js:667:13)
    at async FindCursor.next (C:\Users\dell\OneDrive\Desktop\Eduspark\Eduspark-Backend\node_modules\mongodb\lib\cursor\abstract_cursor.js:347:17)
    at async Collection.findOne (C:\Users\dell\OneDrive\Desktop\Eduspark\Eduspark-Backend\node_modules\mongodb\lib\collection.js:277:21)
    at async model.Query._findOne (C:\Users\dell\OneDrive\Desktop\Eduspark\Eduspark-Backend\node_modules\mongoose\lib\query.js:2687:15)
    at async model.Query.exec (C:\Users\dell\OneDrive\Desktop\Eduspark\Eduspark-Backend\node_modules\mongoose\lib\query.js:4604:63)
2025-08-17 17:13:18 error: Error: Email delivery failed in production
    at sendEmail (C:\Users\dell\OneDrive\Desktop\Eduspark\Eduspark-Backend\utils\email_Service\sendEmail.js:29:11)
    at process.processTicksAndRejections (node:internal/process/task_queues:105:5)
    at async C:\Users\dell\OneDrive\Desktop\Eduspark\Eduspark-Backend\routes\client\common_auth\login.js:73:5
2025-08-17 17:23:44 error: Error: Email delivery failed in production
    at sendEmail (C:\Users\dell\OneDrive\Desktop\Eduspark\Eduspark-Backend\utils\email_Service\sendEmail.js:29:11)
    at process.processTicksAndRejections (node:internal/process/task_queues:105:5)
    at async C:\Users\dell\OneDrive\Desktop\Eduspark\Eduspark-Backend\routes\client\common_auth\login.js:73:5
2025-08-17 17:26:52 error: Error: Email delivery failed in production
    at sendEmail (C:\Users\dell\OneDrive\Desktop\Eduspark\Eduspark-Backend\utils\email_Service\sendEmail.js:29:11)
    at process.processTicksAndRejections (node:internal/process/task_queues:105:5)
    at async C:\Users\dell\OneDrive\Desktop\Eduspark\Eduspark-Backend\routes\client\common_auth\login.js:73:5
2025-08-17 17:28:31 error: Error: Email delivery failed in production
    at sendEmail (C:\Users\dell\OneDrive\Desktop\Eduspark\Eduspark-Backend\utils\email_Service\sendEmail.js:32:11)
    at process.processTicksAndRejections (node:internal/process/task_queues:105:5)
    at async C:\Users\dell\OneDrive\Desktop\Eduspark\Eduspark-Backend\routes\client\common_auth\login.js:73:5
2025-08-17 17:30:05 error: Error: Email delivery failed in production
    at sendEmail (C:\Users\dell\OneDrive\Desktop\Eduspark\Eduspark-Backend\utils\email_Service\sendEmail.js:32:11)
    at process.processTicksAndRejections (node:internal/process/task_queues:105:5)
    at async C:\Users\dell\OneDrive\Desktop\Eduspark\Eduspark-Backend\routes\client\common_auth\login.js:73:5
2025-08-17 17:32:23 error: TypeError: sendEmail is not a function
    at C:\Users\dell\OneDrive\Desktop\Eduspark\Eduspark-Backend\routes\client\common_auth\login.js:73:11
    at process.processTicksAndRejections (node:internal/process/task_queues:105:5)
2025-08-17 17:33:28 error: Error: Email delivery failed in production
    at sendEmail (C:\Users\dell\OneDrive\Desktop\Eduspark\Eduspark-Backend\utils\email_Service\sendEmail.js:26:11)
    at process.processTicksAndRejections (node:internal/process/task_queues:105:5)
    at async C:\Users\dell\OneDrive\Desktop\Eduspark\Eduspark-Backend\routes\client\common_auth\login.js:73:5
2025-08-17 17:38:41 error: Error: Email delivery failed in production
    at sendEmail (C:\Users\dell\OneDrive\Desktop\Eduspark\Eduspark-Backend\utils\email_Service\sendEmail.js:27:11)
    at process.processTicksAndRejections (node:internal/process/task_queues:105:5)
    at async C:\Users\dell\OneDrive\Desktop\Eduspark\Eduspark-Backend\routes\client\common_auth\login.js:73:5
2025-08-17 19:45:16 error: Error: Cannot find module '../encodings'
Require stack:
- C:\Users\dell\OneDrive\Desktop\Eduspark\Eduspark-Backend\node_modules\iconv-lite\lib\index.js
- C:\Users\dell\OneDrive\Desktop\Eduspark\Eduspark-Backend\node_modules\raw-body\index.js
- C:\Users\dell\OneDrive\Desktop\Eduspark\Eduspark-Backend\node_modules\body-parser\lib\read.js
- C:\Users\dell\OneDrive\Desktop\Eduspark\Eduspark-Backend\node_modules\body-parser\lib\types\json.js
- C:\Users\dell\OneDrive\Desktop\Eduspark\Eduspark-Backend\node_modules\body-parser\index.js
- C:\Users\dell\OneDrive\Desktop\Eduspark\Eduspark-Backend\node_modules\express\lib\express.js
- C:\Users\dell\OneDrive\Desktop\Eduspark\Eduspark-Backend\node_modules\express\index.js
- C:\Users\dell\OneDrive\Desktop\Eduspark\Eduspark-Backend\server.js
    at Function._resolveFilename (node:internal/modules/cjs/loader:1405:15)
    at defaultResolveImpl (node:internal/modules/cjs/loader:1061:19)
    at resolveForCJSWithHooks (node:internal/modules/cjs/loader:1066:22)
    at Function._load (node:internal/modules/cjs/loader:1215:37)
    at TracingChannel.traceSync (node:diagnostics_channel:322:14)
    at wrapModuleLoad (node:internal/modules/cjs/loader:235:24)
    at Module.require (node:internal/modules/cjs/loader:1491:12)
    at require (node:internal/modules/helpers:135:16)
    at Object.getCodec (C:\Users\dell\OneDrive\Desktop\Eduspark\Eduspark-Backend\node_modules\iconv-lite\lib\index.js:63:27)
    at Object.getDecoder (C:\Users\dell\OneDrive\Desktop\Eduspark\Eduspark-Backend\node_modules\iconv-lite\lib\index.js:125:23)
2025-08-17 19:45:22 error: Error: Cannot find module '../encodings'
Require stack:
- C:\Users\dell\OneDrive\Desktop\Eduspark\Eduspark-Backend\node_modules\iconv-lite\lib\index.js
- C:\Users\dell\OneDrive\Desktop\Eduspark\Eduspark-Backend\node_modules\raw-body\index.js
- C:\Users\dell\OneDrive\Desktop\Eduspark\Eduspark-Backend\node_modules\body-parser\lib\read.js
- C:\Users\dell\OneDrive\Desktop\Eduspark\Eduspark-Backend\node_modules\body-parser\lib\types\json.js
- C:\Users\dell\OneDrive\Desktop\Eduspark\Eduspark-Backend\node_modules\body-parser\index.js
- C:\Users\dell\OneDrive\Desktop\Eduspark\Eduspark-Backend\node_modules\express\lib\express.js
- C:\Users\dell\OneDrive\Desktop\Eduspark\Eduspark-Backend\node_modules\express\index.js
- C:\Users\dell\OneDrive\Desktop\Eduspark\Eduspark-Backend\server.js
    at Function._resolveFilename (node:internal/modules/cjs/loader:1405:15)
    at defaultResolveImpl (node:internal/modules/cjs/loader:1061:19)
    at resolveForCJSWithHooks (node:internal/modules/cjs/loader:1066:22)
    at Function._load (node:internal/modules/cjs/loader:1215:37)
    at TracingChannel.traceSync (node:diagnostics_channel:322:14)
    at wrapModuleLoad (node:internal/modules/cjs/loader:235:24)
    at Module.require (node:internal/modules/cjs/loader:1491:12)
    at require (node:internal/modules/helpers:135:16)
    at Object.getCodec (C:\Users\dell\OneDrive\Desktop\Eduspark\Eduspark-Backend\node_modules\iconv-lite\lib\index.js:63:27)
    at Object.getDecoder (C:\Users\dell\OneDrive\Desktop\Eduspark\Eduspark-Backend\node_modules\iconv-lite\lib\index.js:125:23)
2025-08-17 19:45:25 error: Error: Cannot find module '../encodings'
Require stack:
- C:\Users\dell\OneDrive\Desktop\Eduspark\Eduspark-Backend\node_modules\iconv-lite\lib\index.js
- C:\Users\dell\OneDrive\Desktop\Eduspark\Eduspark-Backend\node_modules\raw-body\index.js
- C:\Users\dell\OneDrive\Desktop\Eduspark\Eduspark-Backend\node_modules\body-parser\lib\read.js
- C:\Users\dell\OneDrive\Desktop\Eduspark\Eduspark-Backend\node_modules\body-parser\lib\types\json.js
- C:\Users\dell\OneDrive\Desktop\Eduspark\Eduspark-Backend\node_modules\body-parser\index.js
- C:\Users\dell\OneDrive\Desktop\Eduspark\Eduspark-Backend\node_modules\express\lib\express.js
- C:\Users\dell\OneDrive\Desktop\Eduspark\Eduspark-Backend\node_modules\express\index.js
- C:\Users\dell\OneDrive\Desktop\Eduspark\Eduspark-Backend\server.js
    at Function._resolveFilename (node:internal/modules/cjs/loader:1405:15)
    at defaultResolveImpl (node:internal/modules/cjs/loader:1061:19)
    at resolveForCJSWithHooks (node:internal/modules/cjs/loader:1066:22)
    at Function._load (node:internal/modules/cjs/loader:1215:37)
    at TracingChannel.traceSync (node:diagnostics_channel:322:14)
    at wrapModuleLoad (node:internal/modules/cjs/loader:235:24)
    at Module.require (node:internal/modules/cjs/loader:1491:12)
    at require (node:internal/modules/helpers:135:16)
    at Object.getCodec (C:\Users\dell\OneDrive\Desktop\Eduspark\Eduspark-Backend\node_modules\iconv-lite\lib\index.js:63:27)
    at Object.getDecoder (C:\Users\dell\OneDrive\Desktop\Eduspark\Eduspark-Backend\node_modules\iconv-lite\lib\index.js:125:23)
